SF:lib/presentation_layer/pages/add_post.dart
DA:6,1
DA:8,1
DA:9,1
DA:17,1
DA:19,1
DA:20,0
DA:21,0
DA:23,0
DA:24,0
DA:26,0
DA:27,0
DA:31,1
DA:32,1
DA:35,1
DA:37,1
DA:38,1
DA:39,1
DA:40,1
DA:47,1
DA:48,1
DA:55,1
DA:56,1
DA:61,2
DA:62,1
DA:63,1
DA:64,3
DA:67,0
DA:68,0
DA:69,0
DA:74,1
DA:75,0
DA:77,0
DA:78,0
DA:79,0
DA:80,0
DA:81,0
LF:36
LH:21
end_of_record
SF:lib/app.dart
DA:5,1
LF:1
LH:1
end_of_record
SF:lib/presentation_layer/pages/posts_page.dart
DA:12,1
DA:14,1
DA:16,1
DA:17,1
DA:18,2
DA:19,3
DA:20,2
DA:23,2
DA:24,4
DA:25,1
DA:26,4
LF:11
LH:11
end_of_record
SF:lib/data_layer/post_repository/post_api.dart
DA:9,1
DA:11,1
DA:12,1
DA:14,1
DA:15,1
DA:16,2
DA:17,2
DA:18,0
DA:20,0
DA:21,0
DA:22,0
DA:23,0
DA:24,0
DA:26,1
DA:29,0
DA:30,0
DA:34,0
DA:37,0
DA:38,0
DA:39,0
DA:42,0
DA:48,0
DA:51,0
DA:52,0
DA:54,0
DA:57,0
LF:26
LH:8
end_of_record
SF:lib/domain_layer/models/generic_model.dart
DA:6,0
DA:13,0
DA:15,0
DA:19,1
LF:4
LH:1
end_of_record
SF:lib/domain_layer/models/post_model.dart
DA:7,0
DA:13,0
DA:14,0
DA:15,0
DA:16,0
DA:17,0
DA:18,0
DA:21,0
DA:22,0
LF:9
LH:0
end_of_record
SF:lib/domain_layer/use_cases/posts_view_model.dart
DA:8,1
DA:10,1
DA:11,2
DA:12,1
DA:13,0
DA:16,1
DA:20,0
DA:21,0
DA:22,0
DA:23,0
DA:26,0
LF:11
LH:5
end_of_record
SF:lib/presentation_layer/bloc/post_event.dart
DA:4,0
DA:5,0
LF:2
LH:0
end_of_record
SF:lib/presentation_layer/bloc/post_bloc.dart
DA:10,3
DA:11,2
DA:14,1
DA:16,2
DA:19,2
DA:20,0
DA:22,3
LF:7
LH:6
end_of_record
SF:lib/presentation_layer/bloc/post_state.dart
DA:12,0
DA:18,1
LF:2
LH:1
end_of_record
SF:lib/presentation_layer/create_post_bloc/create_post_state.dart
DA:15,0
LF:1
LH:0
end_of_record
SF:lib/presentation_layer/create_post_bloc/create_post_bloc.dart
DA:10,3
DA:11,2
DA:16,0
DA:18,0
DA:22,0
DA:23,0
DA:24,0
DA:25,0
DA:27,0
DA:29,0
DA:30,0
LF:11
LH:2
end_of_record
SF:lib/presentation_layer/create_post_bloc/create_post_event.dart
DA:11,0
LF:1
LH:0
end_of_record
SF:lib/presentation_layer/pages/posts_list.dart
DA:7,1
DA:9,1
DA:11,1
DA:12,1
DA:13,1
DA:15,1
DA:16,0
DA:17,0
DA:18,0
DA:19,0
DA:22,1
DA:23,4
LF:12
LH:8
end_of_record
SF:lib/presentation_layer/widgets/post_list_item.dart
DA:5,0
DA:9,0
DA:11,0
DA:12,0
DA:14,0
DA:15,0
DA:16,0
DA:17,0
DA:19,0
LF:9
LH:0
end_of_record
